2024-07-22 17:27:54,329 mloop                INFO     M-LOOP version 3.3.4
2024-07-22 17:27:54,329 mloop                DEBUG    M-LOOP Logger configured.
2024-07-22 17:27:54,329 mloop.interfaces     DEBUG    Creating interface.
2024-07-22 17:27:54,347 mloop.controllers    DEBUG    Controller init completed.
2024-07-22 17:27:54,350 mloop.learners.1     DEBUG    Learner init completed.
2024-07-22 17:27:54,351 mloop.learners.2     DEBUG    Learner init completed.
2024-07-22 17:27:54,352 mloop.controllers    INFO     Optimization started.
2024-07-22 17:27:54,356 mloop.interfaces     DEBUG    Entering main loop of interface.
2024-07-22 17:27:54,356 mloop.controllers    DEBUG    ML learner started.
2024-07-22 17:27:54,364 mloop.controllers    DEBUG    Starting training optimization.
2024-07-22 17:27:54,365 mloop.controllers    INFO     Run: 0 (training)
2024-07-22 17:27:54,371 mloop.controllers    INFO     params [ 0.42073561 16.73155338]
2024-07-22 17:30:30,601 mloop.controllers    INFO     cost -1.042161107575364 +/- 0.0
2024-07-22 17:30:30,603 mloop.controllers    INFO     Controller finished. Closing down M-LOOP. Please wait a moment...
2024-07-22 17:30:30,603 mloop.controllers    DEBUG    ML learner end set.
2024-07-22 17:30:32,379 mloop.controllers    DEBUG    ML learner joined
2024-07-22 17:30:32,380 mloop.controllers    INFO     Machine learning learner did not provide best and/or all minima.
2024-07-22 17:30:32,380 mloop.controllers    DEBUG    Learner end event set.
2024-07-22 17:30:32,380 mloop.controllers    DEBUG    Interface end event set.
2024-07-22 17:30:32,605 mloop.interfaces     DEBUG    Interface ended
2024-07-22 17:30:33,231 mloop.learners.1     DEBUG    Learner end signal received. Ending
2024-07-22 17:30:34,233 mloop.controllers    DEBUG    Learner joined.
2024-07-22 17:30:34,234 mloop.controllers    DEBUG    Interface joined.
2024-07-22 17:30:34,239 mloop.controllers    INFO     Optimization ended because:
2024-07-22 17:30:34,240 mloop.controllers    INFO     	* Target cost reached.
2024-07-22 17:30:34,240 mloop.controllers    INFO     	* Target cost reached.
2024-07-22 17:30:34,240 mloop.controllers    INFO     	* Target cost reached.
2024-07-22 17:30:34,240 mloop.controllers    INFO     Results:
2024-07-22 17:30:34,241 mloop.controllers    INFO     	* Best parameters found: [ 0.42073561 16.73155338]
2024-07-22 17:30:34,241 mloop.controllers    INFO     	* Best cost returned: -1.042161107575364 +/- 0.0
2024-07-22 17:30:34,241 mloop.controllers    INFO     	* Best run index: 0
2024-07-22 17:30:34,241 mloop.controllers    INFO     M-LOOP Done.
2024-07-22 17:30:34,242 mloop.visualizations DEBUG    Creating controller visualizations.
